<?xml version="1.0" encoding="UTF-8"?>
<!-- Generated by org.testng.reporters.JUnitReportReporter -->
<testsuite skipped="0" hostname="Lenovo" name="org.test.C" tests="1" failures="0" timestamp="02 Jun 2022 05:17:06 GMT" time="16.112" errors="0">
  <testcase name="Test" time="16.112" classname="org.test.C"/>
</testsuite> <!-- org.test.C -->
