<?xml version="1.0" encoding="UTF-8"?>
<!-- Generated by org.testng.reporters.JUnitReportReporter -->
<testsuite skipped="0" hostname="Lenovo" name="org.test.B" tests="1" failures="0" timestamp="02 Jun 2022 05:17:06 GMT" time="10.011" errors="0">
  <testcase name="Test" time="10.011" classname="org.test.B"/>
</testsuite> <!-- org.test.B -->
